<?xml version="1.0" encoding="UTF-8" ?>
<testsuite failures="0" time="2.482" errors="0" skipped="0" tests="1" name="cn.test.RedisTest">
  <properties>
    <property name="java.runtime.name" value="Java(TM) SE Runtime Environment"/>
    <property name="sun.boot.library.path" value="F:\software\jdk\1.7.0_51\jdk1.7.0_51\jre\bin"/>
    <property name="java.vm.version" value="24.51-b03"/>
    <property name="java.vm.vendor" value="Oracle Corporation"/>
    <property name="java.vendor.url" value="http://java.oracle.com/"/>
    <property name="path.separator" value=";"/>
    <property name="java.vm.name" value="Java HotSpot(TM) 64-Bit Server VM"/>
    <property name="file.encoding.pkg" value="sun.io"/>
    <property name="user.script" value=""/>
    <property name="user.country" value="CN"/>
    <property name="sun.java.launcher" value="SUN_STANDARD"/>
    <property name="sun.os.patch.level" value="Service Pack 1"/>
    <property name="java.vm.specification.name" value="Java Virtual Machine Specification"/>
    <property name="user.dir" value="F:\项目\来抢\code\laiqiang_workspace\svn\laiqiang-api"/>
    <property name="java.runtime.version" value="1.7.0_51-b13"/>
    <property name="java.awt.graphicsenv" value="sun.awt.Win32GraphicsEnvironment"/>
    <property name="basedir" value="F:\项目\来抢\code\laiqiang_workspace\svn\laiqiang-api"/>
    <property name="java.endorsed.dirs" value="F:\software\jdk\1.7.0_51\jdk1.7.0_51\jre\lib\endorsed"/>
    <property name="os.arch" value="amd64"/>
    <property name="surefire.real.class.path" value="F:\项目\来抢\code\laiqiang_workspace\svn\laiqiang-api\target\surefire\surefirebooter1728235106688099084.jar"/>
    <property name="java.io.tmpdir" value="C:\Users\lenovo\AppData\Local\Temp\"/>
    <property name="line.separator" value="
"/>
    <property name="java.vm.specification.vendor" value="Oracle Corporation"/>
    <property name="user.variant" value=""/>
    <property name="os.name" value="Windows 7"/>
    <property name="sun.jnu.encoding" value="GBK"/>
    <property name="java.library.path" value="F:\software\jdk\1.7.0_51\jdk1.7.0_51\jre\bin;C:\Windows\Sun\Java\bin;C:\Windows\system32;C:\Windows;C:\RailsInstaller\Git\cmd;C:\RailsInstaller\Ruby1.9.3\bin;C:\ProgramData\Oracle\Java\javapath;C:\Perl\site\bin;C:\Perl\bin;C:\Windows\system32;C:\Windows;C:\Windows\System32\Wbem;C:\Windows\System32\WindowsPowerShell\v1.0\;C:\Program Files\Lenovo\Fingerprint Manager Pro\;C:\Program Files\Java\jdk1.8.0_101\bin;C:\Program Files\Java\jdk1.8.0_101\jre\bin;E:\apache-maven-3.0.4\bin;C:\Program Files\TortoiseSVN\bin;F:\android\android-sdk-windows\platform-tools;F:\android\android-sdk-windows\tools;;D:\qampp\Data_lib\perl\bin\;C:\Perl\bin;D:\Program Files\nodejs\;C:\Python26;;D:\qampp\apache\bin;D:\qampp\php;D:\qampp\svnserver\Subversion\bin;D:\qampp\mysql\bin;C:\Python27;D:\Program Files\VisualSVN Server\bin;F:\idea-tomcat\gradle-3.2.1\bin;C:\Users\lenovo\AppData\Roaming\npm;."/>
    <property name="surefire.test.class.path" value="F:\项目\来抢\code\laiqiang_workspace\svn\laiqiang-api\target\test-classes;F:\项目\来抢\code\laiqiang_workspace\svn\laiqiang-api\target\classes;E:\apache-maven\repository\junit\junit\4.11\junit-4.11.jar;E:\apache-maven\repository\org\hamcrest\hamcrest-core\1.3\hamcrest-core-1.3.jar;E:\apache-maven\repository\org\springframework\spring-core\4.2.1.RELEASE\spring-core-4.2.1.RELEASE.jar;E:\apache-maven\repository\org\springframework\spring-beans\4.2.1.RELEASE\spring-beans-4.2.1.RELEASE.jar;E:\apache-maven\repository\org\springframework\spring-context\4.2.1.RELEASE\spring-context-4.2.1.RELEASE.jar;E:\apache-maven\repository\org\springframework\spring-expression\4.2.1.RELEASE\spring-expression-4.2.1.RELEASE.jar;E:\apache-maven\repository\org\springframework\spring-aop\4.2.1.RELEASE\spring-aop-4.2.1.RELEASE.jar;E:\apache-maven\repository\aopalliance\aopalliance\1.0\aopalliance-1.0.jar;E:\apache-maven\repository\org\springframework\spring-tx\4.2.1.RELEASE\spring-tx-4.2.1.RELEASE.jar;E:\apache-maven\repository\org\springframework\spring-context-support\4.2.1.RELEASE\spring-context-support-4.2.1.RELEASE.jar;E:\apache-maven\repository\org\springframework\spring-webmvc\4.2.1.RELEASE\spring-webmvc-4.2.1.RELEASE.jar;E:\apache-maven\repository\org\springframework\spring-web\4.2.1.RELEASE\spring-web-4.2.1.RELEASE.jar;E:\apache-maven\repository\org\springframework\spring-orm\4.2.1.RELEASE\spring-orm-4.2.1.RELEASE.jar;E:\apache-maven\repository\org\springframework\spring-jdbc\4.2.1.RELEASE\spring-jdbc-4.2.1.RELEASE.jar;E:\apache-maven\repository\jstl\jstl\1.2\jstl-1.2.jar;E:\apache-maven\repository\taglibs\standard\1.1.2\standard-1.1.2.jar;E:\apache-maven\repository\org\slf4j\slf4j-api\1.7.7\slf4j-api-1.7.7.jar;E:\apache-maven\repository\org\slf4j\slf4j-log4j12\1.7.7\slf4j-log4j12-1.7.7.jar;E:\apache-maven\repository\log4j\log4j\1.2.17\log4j-1.2.17.jar;E:\apache-maven\repository\org\slf4j\jcl-over-slf4j\1.7.7\jcl-over-slf4j-1.7.7.jar;E:\apache-maven\repository\org\slf4j\jul-to-slf4j\1.7.7\jul-to-slf4j-1.7.7.jar;E:\apache-maven\repository\org\apache\commons\commons-lang3\3.3.2\commons-lang3-3.3.2.jar;E:\apache-maven\repository\commons-io\commons-io\2.0.1\commons-io-2.0.1.jar;E:\apache-maven\repository\commons-codec\commons-codec\1.9\commons-codec-1.9.jar;E:\apache-maven\repository\commons-fileupload\commons-fileupload\1.3.1\commons-fileupload-1.3.1.jar;E:\apache-maven\repository\commons-beanutils\commons-beanutils\1.9.1\commons-beanutils-1.9.1.jar;E:\apache-maven\repository\commons-collections\commons-collections\3.2.1\commons-collections-3.2.1.jar;E:\apache-maven\repository\org\apache\httpcomponents\httpclient\4.3.2\httpclient-4.3.2.jar;E:\apache-maven\repository\org\apache\httpcomponents\httpcore\4.3.1\httpcore-4.3.1.jar;E:\apache-maven\repository\commons-logging\commons-logging\1.1.3\commons-logging-1.1.3.jar;E:\apache-maven\repository\redis\clients\jedis\2.5.1\jedis-2.5.1.jar;E:\apache-maven\repository\org\apache\commons\commons-pool2\2.0\commons-pool2-2.0.jar;E:\apache-maven\repository\org\mybatis\mybatis\3.2.8\mybatis-3.2.8.jar;E:\apache-maven\repository\org\mybatis\mybatis-spring\1.2.2\mybatis-spring-1.2.2.jar;E:\apache-maven\repository\com\alibaba\druid\1.0.22\druid-1.0.22.jar;F:\software\jdk\1.7.0_51\jdk1.7.0_51\jre\..\lib\jconsole.jar;F:\software\jdk\1.7.0_51\jdk1.7.0_51\jre\..\lib\tools.jar;E:\apache-maven\repository\javax\servlet\servlet-api\2.5\servlet-api-2.5.jar;E:\apache-maven\repository\mysql\mysql-connector-java\5.1.30\mysql-connector-java-5.1.30.jar;E:\apache-maven\repository\org\freemarker\freemarker\2.3.20\freemarker-2.3.20.jar;E:\apache-maven\repository\cn\ipaidou\wxbj\resourcesdk\0.0.1-SNAPSHOT\resourcesdk-0.0.1-SNAPSHOT.jar;E:\apache-maven\repository\com\sun\jersey\jersey-client\1.13-b01\jersey-client-1.13-b01.jar;E:\apache-maven\repository\com\sun\jersey\jersey-core\1.13-b01\jersey-core-1.13-b01.jar;E:\apache-maven\repository\com\github\liyiorg\weixin-popular\2.8.3\weixin-popular-2.8.3.jar;E:\apache-maven\repository\com\alibaba\fastjson\1.2.7\fastjson-1.2.7.jar;E:\apache-maven\repository\org\apache\httpcomponents\httpmime\4.3.6\httpmime-4.3.6.jar;E:\apache-maven\repository\com\sun\xml\bind\jaxb-impl\2.1.12\jaxb-impl-2.1.12.jar;E:\apache-maven\repository\com\vdurmont\emoji-java\3.1.3\emoji-java-3.1.3.jar;E:\apache-maven\repository\org\json\json\20140107\json-20140107.jar;E:\apache-maven\repository\org\springframework\spring-test\4.2.1.RELEASE\spring-test-4.2.1.RELEASE.jar;"/>
    <property name="java.specification.name" value="Java Platform API Specification"/>
    <property name="java.class.version" value="51.0"/>
    <property name="sun.management.compiler" value="HotSpot 64-Bit Tiered Compilers"/>
    <property name="os.version" value="6.1"/>
    <property name="user.home" value="C:\Users\lenovo"/>
    <property name="user.timezone" value="Asia/Shanghai"/>
    <property name="java.awt.printerjob" value="sun.awt.windows.WPrinterJob"/>
    <property name="java.specification.version" value="1.7"/>
    <property name="file.encoding" value="GBK"/>
    <property name="user.name" value="lenovo"/>
    <property name="java.class.path" value="F:\项目\来抢\code\laiqiang_workspace\svn\laiqiang-api\target\test-classes;F:\项目\来抢\code\laiqiang_workspace\svn\laiqiang-api\target\classes;E:\apache-maven\repository\junit\junit\4.11\junit-4.11.jar;E:\apache-maven\repository\org\hamcrest\hamcrest-core\1.3\hamcrest-core-1.3.jar;E:\apache-maven\repository\org\springframework\spring-core\4.2.1.RELEASE\spring-core-4.2.1.RELEASE.jar;E:\apache-maven\repository\org\springframework\spring-beans\4.2.1.RELEASE\spring-beans-4.2.1.RELEASE.jar;E:\apache-maven\repository\org\springframework\spring-context\4.2.1.RELEASE\spring-context-4.2.1.RELEASE.jar;E:\apache-maven\repository\org\springframework\spring-expression\4.2.1.RELEASE\spring-expression-4.2.1.RELEASE.jar;E:\apache-maven\repository\org\springframework\spring-aop\4.2.1.RELEASE\spring-aop-4.2.1.RELEASE.jar;E:\apache-maven\repository\aopalliance\aopalliance\1.0\aopalliance-1.0.jar;E:\apache-maven\repository\org\springframework\spring-tx\4.2.1.RELEASE\spring-tx-4.2.1.RELEASE.jar;E:\apache-maven\repository\org\springframework\spring-context-support\4.2.1.RELEASE\spring-context-support-4.2.1.RELEASE.jar;E:\apache-maven\repository\org\springframework\spring-webmvc\4.2.1.RELEASE\spring-webmvc-4.2.1.RELEASE.jar;E:\apache-maven\repository\org\springframework\spring-web\4.2.1.RELEASE\spring-web-4.2.1.RELEASE.jar;E:\apache-maven\repository\org\springframework\spring-orm\4.2.1.RELEASE\spring-orm-4.2.1.RELEASE.jar;E:\apache-maven\repository\org\springframework\spring-jdbc\4.2.1.RELEASE\spring-jdbc-4.2.1.RELEASE.jar;E:\apache-maven\repository\jstl\jstl\1.2\jstl-1.2.jar;E:\apache-maven\repository\taglibs\standard\1.1.2\standard-1.1.2.jar;E:\apache-maven\repository\org\slf4j\slf4j-api\1.7.7\slf4j-api-1.7.7.jar;E:\apache-maven\repository\org\slf4j\slf4j-log4j12\1.7.7\slf4j-log4j12-1.7.7.jar;E:\apache-maven\repository\log4j\log4j\1.2.17\log4j-1.2.17.jar;E:\apache-maven\repository\org\slf4j\jcl-over-slf4j\1.7.7\jcl-over-slf4j-1.7.7.jar;E:\apache-maven\repository\org\slf4j\jul-to-slf4j\1.7.7\jul-to-slf4j-1.7.7.jar;E:\apache-maven\repository\org\apache\commons\commons-lang3\3.3.2\commons-lang3-3.3.2.jar;E:\apache-maven\repository\commons-io\commons-io\2.0.1\commons-io-2.0.1.jar;E:\apache-maven\repository\commons-codec\commons-codec\1.9\commons-codec-1.9.jar;E:\apache-maven\repository\commons-fileupload\commons-fileupload\1.3.1\commons-fileupload-1.3.1.jar;E:\apache-maven\repository\commons-beanutils\commons-beanutils\1.9.1\commons-beanutils-1.9.1.jar;E:\apache-maven\repository\commons-collections\commons-collections\3.2.1\commons-collections-3.2.1.jar;E:\apache-maven\repository\org\apache\httpcomponents\httpclient\4.3.2\httpclient-4.3.2.jar;E:\apache-maven\repository\org\apache\httpcomponents\httpcore\4.3.1\httpcore-4.3.1.jar;E:\apache-maven\repository\commons-logging\commons-logging\1.1.3\commons-logging-1.1.3.jar;E:\apache-maven\repository\redis\clients\jedis\2.5.1\jedis-2.5.1.jar;E:\apache-maven\repository\org\apache\commons\commons-pool2\2.0\commons-pool2-2.0.jar;E:\apache-maven\repository\org\mybatis\mybatis\3.2.8\mybatis-3.2.8.jar;E:\apache-maven\repository\org\mybatis\mybatis-spring\1.2.2\mybatis-spring-1.2.2.jar;E:\apache-maven\repository\com\alibaba\druid\1.0.22\druid-1.0.22.jar;F:\software\jdk\1.7.0_51\jdk1.7.0_51\jre\..\lib\jconsole.jar;F:\software\jdk\1.7.0_51\jdk1.7.0_51\jre\..\lib\tools.jar;E:\apache-maven\repository\javax\servlet\servlet-api\2.5\servlet-api-2.5.jar;E:\apache-maven\repository\mysql\mysql-connector-java\5.1.30\mysql-connector-java-5.1.30.jar;E:\apache-maven\repository\org\freemarker\freemarker\2.3.20\freemarker-2.3.20.jar;E:\apache-maven\repository\cn\ipaidou\wxbj\resourcesdk\0.0.1-SNAPSHOT\resourcesdk-0.0.1-SNAPSHOT.jar;E:\apache-maven\repository\com\sun\jersey\jersey-client\1.13-b01\jersey-client-1.13-b01.jar;E:\apache-maven\repository\com\sun\jersey\jersey-core\1.13-b01\jersey-core-1.13-b01.jar;E:\apache-maven\repository\com\github\liyiorg\weixin-popular\2.8.3\weixin-popular-2.8.3.jar;E:\apache-maven\repository\com\alibaba\fastjson\1.2.7\fastjson-1.2.7.jar;E:\apache-maven\repository\org\apache\httpcomponents\httpmime\4.3.6\httpmime-4.3.6.jar;E:\apache-maven\repository\com\sun\xml\bind\jaxb-impl\2.1.12\jaxb-impl-2.1.12.jar;E:\apache-maven\repository\com\vdurmont\emoji-java\3.1.3\emoji-java-3.1.3.jar;E:\apache-maven\repository\org\json\json\20140107\json-20140107.jar;E:\apache-maven\repository\org\springframework\spring-test\4.2.1.RELEASE\spring-test-4.2.1.RELEASE.jar;"/>
    <property name="java.vm.specification.version" value="1.7"/>
    <property name="sun.arch.data.model" value="64"/>
    <property name="java.home" value="F:\software\jdk\1.7.0_51\jdk1.7.0_51\jre"/>
    <property name="sun.java.command" value="F:\项目\来抢\code\laiqiang_workspace\svn\laiqiang-api\target\surefire\surefirebooter1728235106688099084.jar F:\项目\来抢\code\laiqiang_workspace\svn\laiqiang-api\target\surefire\surefire5618830952076451754tmp F:\项目\来抢\code\laiqiang_workspace\svn\laiqiang-api\target\surefire\surefire4772916175777019498tmp"/>
    <property name="java.specification.vendor" value="Oracle Corporation"/>
    <property name="user.language" value="zh"/>
    <property name="awt.toolkit" value="sun.awt.windows.WToolkit"/>
    <property name="java.vm.info" value="mixed mode"/>
    <property name="java.version" value="1.7.0_51"/>
    <property name="java.ext.dirs" value="F:\software\jdk\1.7.0_51\jdk1.7.0_51\jre\lib\ext;C:\Windows\Sun\Java\lib\ext"/>
    <property name="sun.boot.class.path" value="F:\software\jdk\1.7.0_51\jdk1.7.0_51\jre\lib\resources.jar;F:\software\jdk\1.7.0_51\jdk1.7.0_51\jre\lib\rt.jar;F:\software\jdk\1.7.0_51\jdk1.7.0_51\jre\lib\sunrsasign.jar;F:\software\jdk\1.7.0_51\jdk1.7.0_51\jre\lib\jsse.jar;F:\software\jdk\1.7.0_51\jdk1.7.0_51\jre\lib\jce.jar;F:\software\jdk\1.7.0_51\jdk1.7.0_51\jre\lib\charsets.jar;F:\software\jdk\1.7.0_51\jdk1.7.0_51\jre\lib\jfr.jar;F:\software\jdk\1.7.0_51\jdk1.7.0_51\jre\classes"/>
    <property name="java.vendor" value="Oracle Corporation"/>
    <property name="localRepository" value="E:\apache-maven\repository"/>
    <property name="file.separator" value="\"/>
    <property name="java.vendor.url.bug" value="http://bugreport.sun.com/bugreport/"/>
    <property name="sun.cpu.endian" value="little"/>
    <property name="sun.io.unicode.encoding" value="UnicodeLittle"/>
    <property name="sun.desktop" value="windows"/>
    <property name="sun.cpu.isalist" value="amd64"/>
  </properties>
  <testcase time="0.297" classname="cn.test.RedisTest" name="appSqlTest"/>
</testsuite>